2026-01-28 11:17:57,552 - INFO - 加载损坏视频分类: {
  "dts_error": 51,
  "h264_error": 21,
  "nal_error": 4,
  "audio_error": 1,
  "unknown": 0
}
2026-01-28 11:17:57,552 - INFO - 进度: 1/77 - 470.mp4
2026-01-28 11:17:57,552 - INFO - 开始DTS时间戳修复: 470.mp4
2026-01-28 11:17:57,648 - INFO - ✅ DTS时间戳修复成功: 470.mp4
2026-01-28 11:17:57,688 - WARNING - ⚠️ 修复后验证失败: 470.mp4
2026-01-28 11:17:57,688 - INFO - 进度: 2/77 - 491.mp4
2026-01-28 11:17:57,688 - INFO - 开始DTS时间戳修复: 491.mp4
2026-01-28 11:17:57,762 - INFO - ✅ DTS时间戳修复成功: 491.mp4
2026-01-28 11:17:57,798 - WARNING - ⚠️ 修复后验证失败: 491.mp4
2026-01-28 11:17:57,799 - INFO - 进度: 3/77 - 737.mp4
2026-01-28 11:17:57,799 - INFO - 开始DTS时间戳修复: 737.mp4
2026-01-28 11:17:57,874 - INFO - ✅ DTS时间戳修复成功: 737.mp4
2026-01-28 11:17:57,910 - WARNING - ⚠️ 修复后验证失败: 737.mp4
2026-01-28 11:17:57,911 - INFO - 进度: 4/77 - 176.mp4
2026-01-28 11:17:57,911 - INFO - 开始DTS时间戳修复: 176.mp4
2026-01-28 11:17:57,983 - INFO - ✅ DTS时间戳修复成功: 176.mp4
2026-01-28 11:17:58,019 - WARNING - ⚠️ 修复后验证失败: 176.mp4
2026-01-28 11:17:58,019 - INFO - 进度: 5/77 - 908.mp4
2026-01-28 11:17:58,019 - INFO - 开始DTS时间戳修复: 908.mp4
2026-01-28 11:17:58,081 - INFO - ✅ DTS时间戳修复成功: 908.mp4
2026-01-28 11:17:58,119 - WARNING - ⚠️ 修复后验证失败: 908.mp4
2026-01-28 11:17:58,119 - INFO - 进度: 6/77 - 244.mp4
2026-01-28 11:17:58,119 - INFO - 开始DTS时间戳修复: 244.mp4
2026-01-28 11:17:58,185 - INFO - ✅ DTS时间戳修复成功: 244.mp4
2026-01-28 11:17:58,221 - WARNING - ⚠️ 修复后验证失败: 244.mp4
2026-01-28 11:17:58,221 - INFO - 进度: 7/77 - 179.mp4
2026-01-28 11:17:58,221 - INFO - 开始DTS时间戳修复: 179.mp4
2026-01-28 11:17:58,296 - INFO - ✅ DTS时间戳修复成功: 179.mp4
2026-01-28 11:17:58,333 - WARNING - ⚠️ 修复后验证失败: 179.mp4
2026-01-28 11:17:58,333 - INFO - 进度: 8/77 - 748.mp4
2026-01-28 11:17:58,333 - INFO - 开始DTS时间戳修复: 748.mp4
2026-01-28 11:17:58,400 - INFO - ✅ DTS时间戳修复成功: 748.mp4
2026-01-28 11:17:58,436 - WARNING - ⚠️ 修复后验证失败: 748.mp4
2026-01-28 11:17:58,436 - INFO - 进度: 9/77 - 915.mp4
2026-01-28 11:17:58,436 - INFO - 开始DTS时间戳修复: 915.mp4
2026-01-28 11:17:58,514 - INFO - ✅ DTS时间戳修复成功: 915.mp4
2026-01-28 11:17:58,550 - WARNING - ⚠️ 修复后验证失败: 915.mp4
2026-01-28 11:17:58,551 - INFO - 进度: 10/77 - 118.mp4
2026-01-28 11:17:58,551 - INFO - 开始DTS时间戳修复: 118.mp4
2026-01-28 11:17:58,617 - INFO - ✅ DTS时间戳修复成功: 118.mp4
2026-01-28 11:17:58,654 - WARNING - ⚠️ 修复后验证失败: 118.mp4
2026-01-28 11:17:58,654 - INFO - 进度: 11/77 - 110.mp4
2026-01-28 11:17:58,654 - INFO - 开始DTS时间戳修复: 110.mp4
2026-01-28 11:17:58,719 - INFO - ✅ DTS时间戳修复成功: 110.mp4
2026-01-28 11:17:58,756 - WARNING - ⚠️ 修复后验证失败: 110.mp4
2026-01-28 11:17:58,756 - INFO - 进度: 12/77 - 438.mp4
2026-01-28 11:17:58,756 - INFO - 开始DTS时间戳修复: 438.mp4
2026-01-28 11:17:58,823 - INFO - ✅ DTS时间戳修复成功: 438.mp4
2026-01-28 11:17:58,867 - WARNING - ⚠️ 修复后验证失败: 438.mp4
2026-01-28 11:17:58,867 - INFO - 进度: 13/77 - 185.mp4
2026-01-28 11:17:58,867 - INFO - 开始DTS时间戳修复: 185.mp4
2026-01-28 11:17:58,954 - INFO - ✅ DTS时间戳修复成功: 185.mp4
2026-01-28 11:17:58,991 - WARNING - ⚠️ 修复后验证失败: 185.mp4
2026-01-28 11:17:58,991 - INFO - 进度: 14/77 - 588.mp4
2026-01-28 11:17:58,991 - INFO - 开始DTS时间戳修复: 588.mp4
2026-01-28 11:17:59,057 - INFO - ✅ DTS时间戳修复成功: 588.mp4
2026-01-28 11:17:59,093 - WARNING - ⚠️ 修复后验证失败: 588.mp4
2026-01-28 11:17:59,093 - INFO - 进度: 15/77 - 500.mp4
2026-01-28 11:17:59,093 - INFO - 开始DTS时间戳修复: 500.mp4
2026-01-28 11:17:59,161 - INFO - ✅ DTS时间戳修复成功: 500.mp4
2026-01-28 11:17:59,198 - WARNING - ⚠️ 修复后验证失败: 500.mp4
2026-01-28 11:17:59,198 - INFO - 进度: 16/77 - 757.mp4
2026-01-28 11:17:59,198 - INFO - 开始DTS时间戳修复: 757.mp4
2026-01-28 11:17:59,265 - INFO - ✅ DTS时间戳修复成功: 757.mp4
2026-01-28 11:17:59,299 - WARNING - ⚠️ 修复后验证失败: 757.mp4
2026-01-28 11:17:59,299 - INFO - 进度: 17/77 - 658.mp4
2026-01-28 11:17:59,299 - INFO - 开始DTS时间戳修复: 658.mp4
2026-01-28 11:17:59,371 - INFO - ✅ DTS时间戳修复成功: 658.mp4
2026-01-28 11:17:59,409 - WARNING - ⚠️ 修复后验证失败: 658.mp4
2026-01-28 11:17:59,409 - INFO - 进度: 18/77 - 586.mp4
2026-01-28 11:17:59,409 - INFO - 开始DTS时间戳修复: 586.mp4
2026-01-28 11:17:59,473 - INFO - ✅ DTS时间戳修复成功: 586.mp4
2026-01-28 11:17:59,510 - WARNING - ⚠️ 修复后验证失败: 586.mp4
2026-01-28 11:17:59,510 - INFO - 进度: 19/77 - 804.mp4
2026-01-28 11:17:59,510 - INFO - 开始DTS时间戳修复: 804.mp4
2026-01-28 11:17:59,579 - INFO - ✅ DTS时间戳修复成功: 804.mp4
2026-01-28 11:17:59,615 - WARNING - ⚠️ 修复后验证失败: 804.mp4
2026-01-28 11:17:59,615 - INFO - 进度: 20/77 - 373.mp4
2026-01-28 11:17:59,615 - INFO - 开始DTS时间戳修复: 373.mp4
2026-01-28 11:17:59,679 - INFO - ✅ DTS时间戳修复成功: 373.mp4
2026-01-28 11:17:59,716 - WARNING - ⚠️ 修复后验证失败: 373.mp4
2026-01-28 11:17:59,716 - INFO - 进度: 21/77 - 70.mp4
2026-01-28 11:17:59,716 - INFO - 开始DTS时间戳修复: 70.mp4
2026-01-28 11:17:59,782 - INFO - ✅ DTS时间戳修复成功: 70.mp4
2026-01-28 11:17:59,820 - WARNING - ⚠️ 修复后验证失败: 70.mp4
2026-01-28 11:17:59,820 - INFO - 进度: 22/77 - 558.mp4
2026-01-28 11:17:59,820 - INFO - 开始DTS时间戳修复: 558.mp4
2026-01-28 11:17:59,886 - INFO - ✅ DTS时间戳修复成功: 558.mp4
2026-01-28 11:17:59,926 - WARNING - ⚠️ 修复后验证失败: 558.mp4
2026-01-28 11:17:59,926 - INFO - 进度: 23/77 - 197.mp4
2026-01-28 11:17:59,926 - INFO - 开始DTS时间戳修复: 197.mp4
2026-01-28 11:18:00,005 - INFO - ✅ DTS时间戳修复成功: 197.mp4
2026-01-28 11:18:00,046 - WARNING - ⚠️ 修复后验证失败: 197.mp4
2026-01-28 11:18:00,046 - INFO - 进度: 24/77 - 366.mp4
2026-01-28 11:18:00,046 - INFO - 开始DTS时间戳修复: 366.mp4
2026-01-28 11:18:00,119 - INFO - ✅ DTS时间戳修复成功: 366.mp4
2026-01-28 11:18:00,158 - WARNING - ⚠️ 修复后验证失败: 366.mp4
2026-01-28 11:18:00,158 - INFO - 进度: 25/77 - 437.mp4
2026-01-28 11:18:00,158 - INFO - 开始DTS时间戳修复: 437.mp4
2026-01-28 11:18:00,223 - INFO - ✅ DTS时间戳修复成功: 437.mp4
2026-01-28 11:18:00,258 - WARNING - ⚠️ 修复后验证失败: 437.mp4
2026-01-28 11:18:00,258 - INFO - 进度: 26/77 - 707.mp4
2026-01-28 11:18:00,259 - INFO - 开始DTS时间戳修复: 707.mp4
2026-01-28 11:18:00,329 - INFO - ✅ DTS时间戳修复成功: 707.mp4
2026-01-28 11:18:00,369 - WARNING - ⚠️ 修复后验证失败: 707.mp4
2026-01-28 11:18:00,369 - INFO - 进度: 27/77 - 923.mp4
2026-01-28 11:18:00,369 - INFO - 开始DTS时间戳修复: 923.mp4
2026-01-28 11:18:00,448 - INFO - ✅ DTS时间戳修复成功: 923.mp4
2026-01-28 11:18:00,486 - WARNING - ⚠️ 修复后验证失败: 923.mp4
2026-01-28 11:18:00,486 - INFO - 进度: 28/77 - 793.mp4
2026-01-28 11:18:00,486 - INFO - 开始DTS时间戳修复: 793.mp4
2026-01-28 11:18:00,555 - INFO - ✅ DTS时间戳修复成功: 793.mp4
2026-01-28 11:18:00,591 - WARNING - ⚠️ 修复后验证失败: 793.mp4
2026-01-28 11:18:00,591 - INFO - 进度: 29/77 - 351.mp4
2026-01-28 11:18:00,591 - INFO - 开始DTS时间戳修复: 351.mp4
2026-01-28 11:18:00,652 - INFO - ✅ DTS时间戳修复成功: 351.mp4
2026-01-28 11:18:00,688 - WARNING - ⚠️ 修复后验证失败: 351.mp4
2026-01-28 11:18:00,688 - INFO - 进度: 30/77 - 774.mp4
2026-01-28 11:18:00,688 - INFO - 开始DTS时间戳修复: 774.mp4
2026-01-28 11:18:00,749 - INFO - ✅ DTS时间戳修复成功: 774.mp4
2026-01-28 11:18:00,785 - WARNING - ⚠️ 修复后验证失败: 774.mp4
2026-01-28 11:18:00,785 - INFO - 进度: 31/77 - 410.mp4
2026-01-28 11:18:00,785 - INFO - 开始DTS时间戳修复: 410.mp4
2026-01-28 11:18:00,846 - INFO - ✅ DTS时间戳修复成功: 410.mp4
2026-01-28 11:18:00,882 - WARNING - ⚠️ 修复后验证失败: 410.mp4
2026-01-28 11:18:00,882 - INFO - 进度: 32/77 - 502.mp4
2026-01-28 11:18:00,882 - INFO - 开始DTS时间戳修复: 502.mp4
2026-01-28 11:18:00,949 - INFO - ✅ DTS时间戳修复成功: 502.mp4
2026-01-28 11:18:00,983 - WARNING - ⚠️ 修复后验证失败: 502.mp4
2026-01-28 11:18:00,984 - INFO - 进度: 33/77 - 28.mp4
2026-01-28 11:18:00,984 - INFO - 开始DTS时间戳修复: 28.mp4
2026-01-28 11:18:01,047 - INFO - ✅ DTS时间戳修复成功: 28.mp4
2026-01-28 11:18:01,084 - WARNING - ⚠️ 修复后验证失败: 28.mp4
2026-01-28 11:18:01,084 - INFO - 进度: 34/77 - 595.mp4
2026-01-28 11:18:01,084 - INFO - 开始DTS时间戳修复: 595.mp4
2026-01-28 11:18:01,160 - INFO - ✅ DTS时间戳修复成功: 595.mp4
2026-01-28 11:18:01,196 - WARNING - ⚠️ 修复后验证失败: 595.mp4
2026-01-28 11:18:01,197 - INFO - 进度: 35/77 - 21.mp4
2026-01-28 11:18:01,197 - INFO - 开始DTS时间戳修复: 21.mp4
2026-01-28 11:18:01,267 - INFO - ✅ DTS时间戳修复成功: 21.mp4
2026-01-28 11:18:01,302 - WARNING - ⚠️ 修复后验证失败: 21.mp4
2026-01-28 11:18:01,302 - INFO - 进度: 36/77 - 552.mp4
2026-01-28 11:18:01,302 - INFO - 开始DTS时间戳修复: 552.mp4
2026-01-28 11:18:01,366 - INFO - ✅ DTS时间戳修复成功: 552.mp4
2026-01-28 11:18:01,407 - WARNING - ⚠️ 修复后验证失败: 552.mp4
2026-01-28 11:18:01,407 - INFO - 进度: 37/77 - 39.mp4
2026-01-28 11:18:01,408 - INFO - 开始DTS时间戳修复: 39.mp4
2026-01-28 11:18:01,469 - INFO - ✅ DTS时间戳修复成功: 39.mp4
2026-01-28 11:18:01,503 - WARNING - ⚠️ 修复后验证失败: 39.mp4
2026-01-28 11:18:01,503 - INFO - 进度: 38/77 - 226.mp4
2026-01-28 11:18:01,503 - INFO - 开始DTS时间戳修复: 226.mp4
2026-01-28 11:18:01,571 - INFO - ✅ DTS时间戳修复成功: 226.mp4
2026-01-28 11:18:01,606 - WARNING - ⚠️ 修复后验证失败: 226.mp4
2026-01-28 11:18:01,606 - INFO - 进度: 39/77 - 574.mp4
2026-01-28 11:18:01,606 - INFO - 开始DTS时间戳修复: 574.mp4
2026-01-28 11:18:01,671 - INFO - ✅ DTS时间戳修复成功: 574.mp4
2026-01-28 11:18:01,706 - WARNING - ⚠️ 修复后验证失败: 574.mp4
2026-01-28 11:18:01,706 - INFO - 进度: 40/77 - 79.mp4
2026-01-28 11:18:01,706 - INFO - 开始DTS时间戳修复: 79.mp4
2026-01-28 11:18:01,767 - INFO - ✅ DTS时间戳修复成功: 79.mp4
2026-01-28 11:18:01,802 - WARNING - ⚠️ 修复后验证失败: 79.mp4
2026-01-28 11:18:01,802 - INFO - 进度: 41/77 - 913.mp4
2026-01-28 11:18:01,802 - INFO - 开始DTS时间戳修复: 913.mp4
2026-01-28 11:18:01,866 - INFO - ✅ DTS时间戳修复成功: 913.mp4
2026-01-28 11:18:01,901 - WARNING - ⚠️ 修复后验证失败: 913.mp4
2026-01-28 11:18:01,901 - INFO - 进度: 42/77 - 67.mp4
2026-01-28 11:18:01,901 - INFO - 开始DTS时间戳修复: 67.mp4
2026-01-28 11:18:01,964 - INFO - ✅ DTS时间戳修复成功: 67.mp4
2026-01-28 11:18:02,002 - WARNING - ⚠️ 修复后验证失败: 67.mp4
2026-01-28 11:18:02,002 - INFO - 进度: 43/77 - 174.mp4
2026-01-28 11:18:02,002 - INFO - 开始DTS时间戳修复: 174.mp4
2026-01-28 11:18:02,062 - INFO - ✅ DTS时间戳修复成功: 174.mp4
2026-01-28 11:18:02,098 - WARNING - ⚠️ 修复后验证失败: 174.mp4
2026-01-28 11:18:02,098 - INFO - 进度: 44/77 - 50.mp4
2026-01-28 11:18:02,098 - INFO - 开始DTS时间戳修复: 50.mp4
2026-01-28 11:18:02,198 - INFO - ✅ DTS时间戳修复成功: 50.mp4
2026-01-28 11:18:02,237 - WARNING - ⚠️ 修复后验证失败: 50.mp4
2026-01-28 11:18:02,237 - INFO - 进度: 45/77 - 237.mp4
2026-01-28 11:18:02,237 - INFO - 开始DTS时间戳修复: 237.mp4
2026-01-28 11:18:02,308 - INFO - ✅ DTS时间戳修复成功: 237.mp4
2026-01-28 11:18:02,343 - WARNING - ⚠️ 修复后验证失败: 237.mp4
2026-01-28 11:18:02,343 - INFO - 进度: 46/77 - 462.mp4
2026-01-28 11:18:02,343 - INFO - 开始DTS时间戳修复: 462.mp4
2026-01-28 11:18:02,416 - INFO - ✅ DTS时间戳修复成功: 462.mp4
2026-01-28 11:18:02,451 - WARNING - ⚠️ 修复后验证失败: 462.mp4
2026-01-28 11:18:02,452 - INFO - 进度: 47/77 - 52.mp4
2026-01-28 11:18:02,452 - INFO - 开始DTS时间戳修复: 52.mp4
2026-01-28 11:18:02,519 - INFO - ✅ DTS时间戳修复成功: 52.mp4
2026-01-28 11:18:02,557 - WARNING - ⚠️ 修复后验证失败: 52.mp4
2026-01-28 11:18:02,557 - INFO - 进度: 48/77 - 664.mp4
2026-01-28 11:18:02,557 - INFO - 开始DTS时间戳修复: 664.mp4
2026-01-28 11:18:02,619 - INFO - ✅ DTS时间戳修复成功: 664.mp4
2026-01-28 11:18:02,656 - WARNING - ⚠️ 修复后验证失败: 664.mp4
2026-01-28 11:18:02,656 - INFO - 进度: 49/77 - 301.mp4
2026-01-28 11:18:02,656 - INFO - 开始DTS时间戳修复: 301.mp4
2026-01-28 11:18:02,729 - INFO - ✅ DTS时间戳修复成功: 301.mp4
2026-01-28 11:18:02,763 - WARNING - ⚠️ 修复后验证失败: 301.mp4
2026-01-28 11:18:02,764 - INFO - 进度: 50/77 - 381.mp4
2026-01-28 11:18:02,764 - INFO - 开始DTS时间戳修复: 381.mp4
2026-01-28 11:18:02,823 - INFO - ✅ DTS时间戳修复成功: 381.mp4
2026-01-28 11:18:02,858 - WARNING - ⚠️ 修复后验证失败: 381.mp4
2026-01-28 11:18:02,858 - INFO - 进度: 51/77 - 141.mp4
2026-01-28 11:18:02,858 - INFO - 开始DTS时间戳修复: 141.mp4
2026-01-28 11:18:02,917 - INFO - ✅ DTS时间戳修复成功: 141.mp4
2026-01-28 11:18:02,953 - WARNING - ⚠️ 修复后验证失败: 141.mp4
2026-01-28 11:18:02,954 - INFO - 进度: 52/77 - 884.mp4
2026-01-28 11:18:02,954 - INFO - 开始H.264参考帧修复: 884.mp4
2026-01-28 11:18:04,519 - INFO - ✅ H.264参考帧修复成功: 884.mp4
2026-01-28 11:18:04,560 - WARNING - ⚠️ 修复后验证失败: 884.mp4
2026-01-28 11:18:04,560 - INFO - 进度: 53/77 - 474.mp4
2026-01-28 11:18:04,560 - INFO - 开始H.264参考帧修复: 474.mp4
2026-01-28 11:18:06,048 - INFO - ✅ H.264参考帧修复成功: 474.mp4
2026-01-28 11:18:06,085 - WARNING - ⚠️ 修复后验证失败: 474.mp4
2026-01-28 11:18:06,085 - INFO - 进度: 54/77 - 196.mp4
2026-01-28 11:18:06,085 - INFO - 开始H.264参考帧修复: 196.mp4
2026-01-28 11:18:07,551 - INFO - ✅ H.264参考帧修复成功: 196.mp4
2026-01-28 11:18:07,587 - WARNING - ⚠️ 修复后验证失败: 196.mp4
2026-01-28 11:18:07,587 - INFO - 进度: 55/77 - 137.mp4
2026-01-28 11:18:07,587 - INFO - 开始H.264参考帧修复: 137.mp4
2026-01-28 11:18:08,918 - INFO - ✅ H.264参考帧修复成功: 137.mp4
2026-01-28 11:18:08,955 - WARNING - ⚠️ 修复后验证失败: 137.mp4
2026-01-28 11:18:08,955 - INFO - 进度: 56/77 - 412.mp4
2026-01-28 11:18:08,955 - INFO - 开始H.264参考帧修复: 412.mp4
2026-01-28 11:18:10,165 - INFO - ✅ H.264参考帧修复成功: 412.mp4
2026-01-28 11:18:10,202 - WARNING - ⚠️ 修复后验证失败: 412.mp4
2026-01-28 11:18:10,202 - INFO - 进度: 57/77 - 161.mp4
2026-01-28 11:18:10,202 - INFO - 开始H.264参考帧修复: 161.mp4
2026-01-28 11:18:11,659 - INFO - ✅ H.264参考帧修复成功: 161.mp4
2026-01-28 11:18:11,698 - WARNING - ⚠️ 修复后验证失败: 161.mp4
2026-01-28 11:18:11,698 - INFO - 进度: 58/77 - 849.mp4
2026-01-28 11:18:11,698 - INFO - 开始H.264参考帧修复: 849.mp4
2026-01-28 11:18:13,085 - INFO - ✅ H.264参考帧修复成功: 849.mp4
2026-01-28 11:18:13,121 - WARNING - ⚠️ 修复后验证失败: 849.mp4
2026-01-28 11:18:13,121 - INFO - 进度: 59/77 - 763.mp4
2026-01-28 11:18:13,121 - INFO - 开始H.264参考帧修复: 763.mp4
2026-01-28 11:18:14,371 - INFO - ✅ H.264参考帧修复成功: 763.mp4
2026-01-28 11:18:14,408 - WARNING - ⚠️ 修复后验证失败: 763.mp4
2026-01-28 11:18:14,408 - INFO - 进度: 60/77 - 290.mp4
2026-01-28 11:18:14,408 - INFO - 开始H.264参考帧修复: 290.mp4
2026-01-28 11:18:15,719 - INFO - ✅ H.264参考帧修复成功: 290.mp4
2026-01-28 11:18:15,758 - WARNING - ⚠️ 修复后验证失败: 290.mp4
2026-01-28 11:18:15,758 - INFO - 进度: 61/77 - 19.mp4
2026-01-28 11:18:15,759 - INFO - 开始H.264参考帧修复: 19.mp4
2026-01-28 11:18:17,095 - INFO - ✅ H.264参考帧修复成功: 19.mp4
2026-01-28 11:18:17,133 - WARNING - ⚠️ 修复后验证失败: 19.mp4
2026-01-28 11:18:17,133 - INFO - 进度: 62/77 - 60.mp4
2026-01-28 11:18:17,133 - INFO - 开始H.264参考帧修复: 60.mp4
2026-01-28 11:18:18,642 - INFO - ✅ H.264参考帧修复成功: 60.mp4
2026-01-28 11:18:18,676 - WARNING - ⚠️ 修复后验证失败: 60.mp4
2026-01-28 11:18:18,677 - INFO - 进度: 63/77 - 391.mp4
2026-01-28 11:18:18,677 - INFO - 开始H.264参考帧修复: 391.mp4
2026-01-28 11:18:20,073 - INFO - ✅ H.264参考帧修复成功: 391.mp4
2026-01-28 11:18:20,107 - WARNING - ⚠️ 修复后验证失败: 391.mp4
2026-01-28 11:18:20,107 - INFO - 进度: 64/77 - 819.mp4
2026-01-28 11:18:20,107 - INFO - 开始H.264参考帧修复: 819.mp4
2026-01-28 11:18:21,303 - INFO - ✅ H.264参考帧修复成功: 819.mp4
2026-01-28 11:18:21,339 - WARNING - ⚠️ 修复后验证失败: 819.mp4
2026-01-28 11:18:21,339 - INFO - 进度: 65/77 - 144.mp4
2026-01-28 11:18:21,339 - INFO - 开始H.264参考帧修复: 144.mp4
2026-01-28 11:18:22,748 - INFO - ✅ H.264参考帧修复成功: 144.mp4
2026-01-28 11:18:22,786 - WARNING - ⚠️ 修复后验证失败: 144.mp4
2026-01-28 11:18:22,786 - INFO - 进度: 66/77 - 727.mp4
2026-01-28 11:18:22,786 - INFO - 开始H.264参考帧修复: 727.mp4
2026-01-28 11:18:24,054 - INFO - ✅ H.264参考帧修复成功: 727.mp4
2026-01-28 11:18:24,091 - WARNING - ⚠️ 修复后验证失败: 727.mp4
2026-01-28 11:18:24,092 - INFO - 进度: 67/77 - 971.mp4
2026-01-28 11:18:24,092 - INFO - 开始H.264参考帧修复: 971.mp4
2026-01-28 11:18:25,522 - INFO - ✅ H.264参考帧修复成功: 971.mp4
2026-01-28 11:18:25,557 - WARNING - ⚠️ 修复后验证失败: 971.mp4
2026-01-28 11:18:25,558 - INFO - 进度: 68/77 - 715.mp4
2026-01-28 11:18:25,558 - INFO - 开始H.264参考帧修复: 715.mp4
2026-01-28 11:18:26,883 - INFO - ✅ H.264参考帧修复成功: 715.mp4
2026-01-28 11:18:26,922 - WARNING - ⚠️ 修复后验证失败: 715.mp4
2026-01-28 11:18:26,922 - INFO - 进度: 69/77 - 231.mp4
2026-01-28 11:18:26,922 - INFO - 开始H.264参考帧修复: 231.mp4
2026-01-28 11:18:27,999 - INFO - ✅ H.264参考帧修复成功: 231.mp4
2026-01-28 11:18:28,035 - WARNING - ⚠️ 修复后验证失败: 231.mp4
2026-01-28 11:18:28,035 - INFO - 进度: 70/77 - 245.mp4
2026-01-28 11:18:28,035 - INFO - 开始H.264参考帧修复: 245.mp4
2026-01-28 11:18:29,180 - INFO - ✅ H.264参考帧修复成功: 245.mp4
2026-01-28 11:18:29,216 - WARNING - ⚠️ 修复后验证失败: 245.mp4
2026-01-28 11:18:29,217 - INFO - 进度: 71/77 - 189.mp4
2026-01-28 11:18:29,217 - INFO - 开始H.264参考帧修复: 189.mp4
2026-01-28 11:18:30,701 - INFO - ✅ H.264参考帧修复成功: 189.mp4
2026-01-28 11:18:30,738 - WARNING - ⚠️ 修复后验证失败: 189.mp4
2026-01-28 11:18:30,738 - INFO - 进度: 72/77 - 164.mp4
2026-01-28 11:18:30,738 - INFO - 开始H.264参考帧修复: 164.mp4
2026-01-28 11:18:32,170 - INFO - ✅ H.264参考帧修复成功: 164.mp4
2026-01-28 11:18:32,205 - WARNING - ⚠️ 修复后验证失败: 164.mp4
2026-01-28 11:18:32,205 - INFO - 进度: 73/77 - 13.mp4
2026-01-28 11:18:32,206 - INFO - 开始NAL直接修复: 13.mp4
2026-01-28 11:18:32,752 - INFO - ✅ NAL直接修复成功: 13.mp4
2026-01-28 11:18:32,788 - WARNING - ⚠️ 修复后验证失败: 13.mp4
2026-01-28 11:18:32,788 - WARNING - 直接修复失败，尝试逐帧提取: 13.mp4
2026-01-28 11:18:33,977 - INFO - 开始NAL逐帧修复: 13.mp4
2026-01-28 11:18:35,050 - INFO - ✅ NAL逐帧修复成功: 13.mp4
2026-01-28 11:18:35,088 - WARNING - ⚠️ 修复后验证失败: 13.mp4
2026-01-28 11:18:35,110 - INFO - 进度: 74/77 - 834.mp4
2026-01-28 11:18:35,110 - INFO - 开始NAL直接修复: 834.mp4
2026-01-28 11:18:36,185 - INFO - ✅ NAL直接修复成功: 834.mp4
2026-01-28 11:18:36,225 - WARNING - ⚠️ 修复后验证失败: 834.mp4
2026-01-28 11:18:36,225 - WARNING - 直接修复失败，尝试逐帧提取: 834.mp4
2026-01-28 11:18:38,490 - INFO - 开始NAL逐帧修复: 834.mp4
2026-01-28 11:18:40,346 - INFO - ✅ NAL逐帧修复成功: 834.mp4
2026-01-28 11:18:40,380 - WARNING - ⚠️ 修复后验证失败: 834.mp4
2026-01-28 11:18:40,422 - INFO - 进度: 75/77 - 57.mp4
2026-01-28 11:18:40,422 - INFO - 开始NAL直接修复: 57.mp4
2026-01-28 11:18:41,181 - INFO - ✅ NAL直接修复成功: 57.mp4
2026-01-28 11:18:41,219 - WARNING - ⚠️ 修复后验证失败: 57.mp4
2026-01-28 11:18:41,219 - WARNING - 直接修复失败，尝试逐帧提取: 57.mp4
2026-01-28 11:18:43,395 - INFO - 开始NAL逐帧修复: 57.mp4
2026-01-28 11:18:45,074 - INFO - ✅ NAL逐帧修复成功: 57.mp4
2026-01-28 11:18:45,112 - WARNING - ⚠️ 修复后验证失败: 57.mp4
2026-01-28 11:18:45,161 - INFO - 进度: 76/77 - 26.mp4
2026-01-28 11:18:45,161 - INFO - 开始NAL直接修复: 26.mp4
2026-01-28 11:18:45,907 - INFO - ✅ NAL直接修复成功: 26.mp4
2026-01-28 11:18:45,946 - WARNING - ⚠️ 修复后验证失败: 26.mp4
2026-01-28 11:18:45,946 - WARNING - 直接修复失败，尝试逐帧提取: 26.mp4
2026-01-28 11:18:48,041 - INFO - 开始NAL逐帧修复: 26.mp4
2026-01-28 11:18:49,443 - INFO - ✅ NAL逐帧修复成功: 26.mp4
2026-01-28 11:18:49,482 - WARNING - ⚠️ 修复后验证失败: 26.mp4
2026-01-28 11:18:49,532 - INFO - 进度: 77/77 - 7.mp4
2026-01-28 11:18:49,532 - INFO - 开始音频修复: 7.mp4
2026-01-28 11:18:49,623 - ERROR - ❌ 音频修复失败: 7.mp4
2026-01-28 11:18:49,623 - ERROR - 错误输出: ffmpeg version 6.1.1-3ubuntu5 Copyright (c) 2000-2023 the FFmpeg developers
  built with gcc 13 (Ubuntu 13.2.0-23ubuntu3)
  configuration: --prefix=/usr --extra-version=3ubuntu5 --toolchain=hardened --libdir=/usr/lib/x86_64-linux-gnu --incdir=/usr/include/x86_64-linux-gnu --arch=amd64 --enable-gpl --disable-stripping --disable-omx --enable-gnutls --enable-libaom --enable-libass --enable-libbs2b --enable-libcaca --enable-libcdio --enable-libcodec2 --enable-libdav1d --enable-libflite --enable-libf
2026-01-28 11:18:49,624 - INFO - ==================================================
2026-01-28 11:18:49,624 - INFO - 修复完成!
2026-01-28 11:18:49,624 - INFO - 成功修复: 0 个视频
2026-01-28 11:18:49,624 - INFO - 修复失败: 77 个视频
2026-01-28 11:18:49,624 - INFO - 跳过: 0 个视频
2026-01-28 11:18:49,624 - INFO - 成功率: 0.00%
2026-01-28 11:18:49,624 - INFO - 修复后的视频保存在: dataset/videos_repaired
2026-01-28 11:18:49,624 - INFO - ==================================================
